  Date.cpp
E:\Політех\ооп\4\lab_4.5\lab_4.5\Date.cpp(287,6): warning C4101: ostatok: неиспользованная локальная переменная
E:\Політех\ооп\4\lab_4.5\lab_4.5\Date.cpp(327,17): warning C4244: =: преобразование "double" в "int", возможна потеря данных
E:\Політех\ооп\4\lab_4.5\lab_4.5\Date.cpp(329,17): warning C4244: =: преобразование "double" в "int", возможна потеря данных
E:\Політех\ооп\4\lab_4.5\lab_4.5\Date.cpp(331,15): warning C4244: =: преобразование "double" в "int", возможна потеря данных
E:\Політех\ооп\4\lab_4.5\lab_4.5\Date.cpp(325,6): warning C4101: ostatok: неиспользованная локальная переменная
  lab_4.5.cpp
  Time.cpp
E:\Політех\ооп\4\lab_4.5\lab_4.5\Time.cpp(271,90): warning C4244: =: преобразование "double" в "int", возможна потеря данных
E:\Політех\ооп\4\lab_4.5\lab_4.5\Time.cpp(273,102): warning C4244: =: преобразование "double" в "int", возможна потеря данных
E:\Політех\ооп\4\lab_4.5\lab_4.5\Time.cpp(275,102): warning C4244: =: преобразование "double" в "int", возможна потеря данных
E:\Політех\ооп\4\lab_4.5\lab_4.5\Time.cpp(269,6): warning C4101: ostatok: неиспользованная локальная переменная
E:\Політех\ооп\4\lab_4.5\lab_4.5\Time.cpp(309,16): warning C4244: =: преобразование "double" в "int", возможна потеря данных
E:\Політех\ооп\4\lab_4.5\lab_4.5\Time.cpp(311,15): warning C4244: =: преобразование "double" в "int", возможна потеря данных
E:\Політех\ооп\4\lab_4.5\lab_4.5\Time.cpp(313,15): warning C4244: =: преобразование "double" в "int", возможна потеря данных
E:\Політех\ооп\4\lab_4.5\lab_4.5\Time.cpp(307,6): warning C4101: ostatok: неиспользованная локальная переменная
  Triad.cpp
  Создание кода...
E:\Політех\ооп\4\lab_4.5\lab_4.5\Time.cpp(197): warning C4715: Time::Сomparison: значение возвращается не при всех путях выполнения
E:\Політех\ооп\4\lab_4.5\lab_4.5\Date.cpp(219): warning C4715: Date::Сomparison: значение возвращается не при всех путях выполнения
  lab_4.5.vcxproj -> E:\Політех\ооп\4\lab_4.5\x64\Debug\lab_4.5.exe
